<?xml version="1.0" encoding="UTF-8"?>
<!-- Generated by org.testng.reporters.JUnitReportReporter -->
<testsuite skipped="0" hostname="ASDP1726PO02529" name="SnLServiceV1Test" tests="11" failures="0" timestamp="17 Jul 2017 13:59:47 GMT" time="3.464" errors="0">
  <testcase name="testingStatusCodeJSON" time="0.430" classname="SnLServiceV1Test"/>
  <testcase name="testingForDestroyingTheBoard" time="0.111" classname="SnLServiceV1Test"/>
  <testcase name="testingNewBoardEntry" time="0.064" classname="SnLServiceV1Test"/>
  <testcase name="testingTheRestSer" time="0.398" classname="SnLServiceV1Test"/>
  <testcase name="testingPlayerDetail" time="0.212" classname="SnLServiceV1Test"/>
  <testcase name="testingForDeletingPlayer" time="0.269" classname="SnLServiceV1Test"/>
  <testcase name="testingListOfTheBoards" time="0.387" classname="SnLServiceV1Test"/>
  <testcase name="testingForTheUpdatingDetailsOfPlayer" time="0.295" classname="SnLServiceV1Test"/>
  <testcase name="testingForAddingNewPlayer" time="0.164" classname="SnLServiceV1Test"/>
  <testcase name="testingForPlayerMovement" time="0.293" classname="SnLServiceV1Test"/>
  <testcase name="testingStatusCodeXML" time="0.841" classname="SnLServiceV1Test"/>
</testsuite> <!-- SnLServiceV1Test -->
