<?xml version="1.0" encoding="UTF-8"?>
<!-- Generated by org.testng.reporters.JUnitReportReporter -->
<testsuite skipped="0" hostname="ASDP1726PO02529" name="SnLServicesV2Test" tests="9" failures="0" timestamp="17 Jul 2017 13:59:47 GMT" time="4.876" errors="0">
  <testcase name="testingStatusCodeJSON" time="0.403" classname="SnLServicesV2Test"/>
  <testcase name="testingForDestroyingTheBoard" time="0.225" classname="SnLServicesV2Test"/>
  <testcase name="testingForPlayerMovement" time="0.508" classname="SnLServicesV2Test"/>
  <testcase name="testingPlayerDetail" time="0.338" classname="SnLServicesV2Test"/>
  <testcase name="testingForTheUpdatingDetailsOfPlayer" time="0.482" classname="SnLServicesV2Test"/>
  <testcase name="testingListOfTheBoards" time="0.495" classname="SnLServicesV2Test"/>
  <testcase name="testingForDeletingPlayer" time="0.452" classname="SnLServicesV2Test"/>
  <testcase name="testingForAddingNewPlayer" time="1.887" classname="SnLServicesV2Test"/>
  <testcase name="testingNewBoardEntry" time="0.086" classname="SnLServicesV2Test"/>
</testsuite> <!-- SnLServicesV2Test -->
