<?xml version="1.0" encoding="UTF-8"?>
<!-- Generated by org.testng.reporters.JUnitReportReporter -->
<testsuite skipped="0" hostname="ASDP1726PO02529" name="SnLServiceTest" tests="1" failures="0" timestamp="14 Jul 2017 11:27:58 GMT" time="2.183" errors="0">
  <testcase name="testForAddingNewPlayer" time="2.183" classname="SnLServiceTest"/>
</testsuite> <!-- SnLServiceTest -->
