<?xml version="1.0" encoding="UTF-8"?>
<!-- Generated by org.testng.reporters.JUnitReportReporter -->
<testsuite skipped="0" hostname="ASDP1726PO02529" name="SnLServiceV3Test" tests="9" failures="0" timestamp="17 Jul 2017 13:59:47 GMT" time="2.850" errors="0">
  <testcase name="testingPlayerDetail" time="0.259" classname="SnLServiceV3Test"/>
  <testcase name="testingForDeletingPlayer" time="0.281" classname="SnLServiceV3Test"/>
  <testcase name="testingForPlayerMovement" time="0.368" classname="SnLServiceV3Test"/>
  <testcase name="testingForTheUpdatingDetailsOfPlayer" time="0.327" classname="SnLServiceV3Test"/>
  <testcase name="testingForAddingNewPlayer" time="0.271" classname="SnLServiceV3Test"/>
  <testcase name="testingTokenGeneration" time="0.461" classname="SnLServiceV3Test"/>
  <testcase name="testingNewBoardEntry" time="0.128" classname="SnLServiceV3Test"/>
  <testcase name="testingForDestroyingTheBoard" time="0.234" classname="SnLServiceV3Test"/>
  <testcase name="testingListOfTheBoards" time="0.521" classname="SnLServiceV3Test"/>
</testsuite> <!-- SnLServiceV3Test -->
